2021-10-25 11:00:26,157 -  nornir.core -  WARNING -        run() - Task 'netmiko_send_command' has not been run – 0 hosts selected
2021-10-25 11:03:21,102 -  nornir.core -  WARNING -        run() - Task 'netmiko_send_command' has not been run – 0 hosts selected
2021-10-25 11:04:47,418 -  nornir.core -  WARNING -        run() - Task 'netmiko_send_command' has not been run – 0 hosts selected
2021-10-25 11:05:48,279 -  nornir.core -  WARNING -        run() - Task 'netmiko_send_command' has not been run – 0 hosts selected
2021-10-25 11:05:51,356 -  nornir.core -  WARNING -        run() - Task 'netmiko_send_command' has not been run – 0 hosts selected
2021-10-25 11:22:12,643 -  nornir.core -  WARNING -        run() - Task 'netmiko_send_command' has not been run – 0 hosts selected
2021-10-25 11:24:00,804 -  nornir.core -     INFO -        run() - Running task 'netmiko_send_command' with args {'command_string': 'show ip int brief'} on 1 hosts
2021-10-25 11:24:45,138 -  nornir.core -     INFO -        run() - Running task 'netmiko_send_command' with args {'command_string': 'show ip int brief'} on 1 hosts
2021-10-25 11:25:33,423 -  nornir.core -     INFO -        run() - Running task 'netmiko_send_command' with args {'command_string': 'show ip int brief'} on 1 hosts
2021-10-25 11:29:01,054 -  nornir.core -     INFO -        run() - Running task 'netmiko_send_command' with args {'command_string': 'show ip int brief'} on 1 hosts
2021-10-25 11:32:31,825 -  nornir.core -     INFO -        run() - Running task 'netmiko_send_config' with args {'config_commands': 'interface loopback100'} on 1 hosts
2021-10-25 11:32:33,650 -  nornir.core -     INFO -        run() - Running task 'netmiko_send_config' with args {'config_commands': ['interface loopback101', 'description Configured with nornir-netmiko']} on 1 hosts
2021-10-25 11:32:34,965 -  nornir.core -     INFO -        run() - Running task 'netmiko_send_command' with args {'command_string': 'show ip int brief'} on 1 hosts
2021-10-25 15:16:48,485 -  nornir.core -  WARNING -        run() - Task 'netmiko_send_command' has not been run – 0 hosts selected
2021-10-25 15:16:54,696 -  nornir.core -  WARNING -        run() - Task 'netmiko_send_command' has not been run – 0 hosts selected
2021-10-25 15:17:34,124 -  nornir.core -     INFO -        run() - Running task 'netmiko_send_config' with args {'config_commands': 'interface loopback100'} on 1 hosts
2021-10-25 15:17:36,105 -  nornir.core -     INFO -        run() - Running task 'netmiko_send_config' with args {'config_commands': ['interface loopback101', 'description Configured with nornir-netmiko']} on 1 hosts
2021-10-25 15:17:37,252 -  nornir.core -     INFO -        run() - Running task 'netmiko_send_command' with args {'command_string': 'show ip int brief'} on 1 hosts
2021-10-25 15:18:19,709 -  nornir.core -     INFO -        run() - Running task 'netmiko_send_config' with args {'config_commands': 'interface loopback100'} on 1 hosts
2021-10-25 15:18:21,299 -  nornir.core -     INFO -        run() - Running task 'netmiko_send_config' with args {'config_commands': ['interface loopback101', 'description Configured with nornir-netmiko', 'ip add 10.1.7.1 255.255.255.255']} on 1 hosts
2021-10-25 15:18:23,297 -  nornir.core -     INFO -        run() - Running task 'netmiko_send_command' with args {'command_string': 'show ip int brief'} on 1 hosts
2021-10-25 15:19:24,573 -  nornir.core -     INFO -        run() - Running task 'netmiko_send_config' with args {'config_commands': 'interface loopback100'} on 1 hosts
2021-10-25 15:19:26,202 -  nornir.core -     INFO -        run() - Running task 'netmiko_send_config' with args {'config_commands': ['interface loopback101', 'description Configured with nornir-netmiko', 'ip add 10.1.7.1 255.255.255.255']} on 1 hosts
2021-10-25 15:19:27,863 -  nornir.core -     INFO -        run() - Running task 'netmiko_send_command' with args {'command_string': 'show ip int brief'} on 1 hosts
2021-10-25 15:20:31,179 -  nornir.core -     INFO -        run() - Running task 'netmiko_send_config' with args {'config_commands': 'interface loopback100'} on 1 hosts
2021-10-25 15:20:32,686 -  nornir.core -     INFO -        run() - Running task 'netmiko_send_config' with args {'config_commands': ['interface loopback101', 'description Configured with nornir-netmiko', 'ip add 10.1.7.1 255.255.255.255']} on 1 hosts
2021-10-25 15:20:34,310 -  nornir.core -     INFO -        run() - Running task 'netmiko_send_command' with args {'command_string': 'show version'} on 1 hosts
2021-10-26 05:41:57,924 -  nornir.core -     INFO -        run() - Running task 'function_tasks' with args {} on 1 hosts
2021-10-26 05:41:57,926 - nornir.core.task -    ERROR -      start() - Host 'SW1': task 'netmiko_send_command' failed with traceback:
Traceback (most recent call last):
  File "/usr/local/lib/python3.7/dist-packages/nornir/core/task.py", line 99, in start
    r = self.task(self, **self.params)
TypeError: netmiko_send_command() missing 1 required positional argument: 'command_string'

2021-10-26 05:41:57,927 - nornir.core.task -    ERROR -      start() - Host 'SW1': task 'function_tasks' failed with traceback:
Traceback (most recent call last):
  File "/usr/local/lib/python3.7/dist-packages/nornir/core/task.py", line 99, in start
    r = self.task(self, **self.params)
  File "nornir_validate_static.py", line 27, in function_tasks
    task.run(task=netmiko_send_command, command="show interface gi1/0/1 status")
  File "/usr/local/lib/python3.7/dist-packages/nornir/core/task.py", line 174, in run
    raise NornirSubTaskError(task=run_task, result=r)
nornir.core.exceptions.NornirSubTaskError: Subtask: netmiko_send_command (failed)


2021-10-26 05:43:29,341 -  nornir.core -     INFO -        run() - Running task 'function_tasks' with args {} on 1 hosts
2021-10-26 05:44:19,319 -  nornir.core -     INFO -        run() - Running task 'function_tasks' with args {} on 1 hosts
2021-10-26 05:44:59,023 -  nornir.core -     INFO -        run() - Running task 'function_tasks' with args {} on 1 hosts
2021-10-26 05:54:06,600 -  nornir.core -     INFO -        run() - Running task 'function_tasks' with args {} on 1 hosts
2021-10-26 05:54:18,987 -  nornir.core -     INFO -        run() - Running task 'netmiko_send_command' with args {'command_string': 'show version'} on 1 hosts
2021-10-26 05:54:34,557 -  nornir.core -     INFO -        run() - Running task 'netmiko_send_command' with args {'command_string': 'show ip int br\t'} on 1 hosts
2021-10-26 05:55:56,947 -  nornir.core -     INFO -        run() - Running task 'netmiko_send_command' with args {'command_string': 'show version'} on 1 hosts
2021-10-26 05:56:57,218 -  nornir.core -     INFO -        run() - Running task 'netmiko_send_command' with args {'command_string': 'cmd'} on 1 hosts
2021-10-26 05:57:56,197 -  nornir.core -     INFO -        run() - Running task 'function_tasks' with args {} on 1 hosts
2021-10-26 05:59:12,987 -  nornir.core -     INFO -        run() - Running task 'netmiko_send_config' with args {'config_commands': 'show\x08\x08'} on 1 hosts
2021-10-26 05:59:36,298 -  nornir.core -     INFO -        run() - Running task 'netmiko_send_config' with args {'config_commands': 'show version'} on 1 hosts
2021-10-26 07:39:23,066 -  nornir.core -     INFO -        run() - Running task 'function_tasks' with args {} on 1 hosts
2021-10-26 07:39:32,561 -  nornir.core -     INFO -        run() - Running task 'function_tasks' with args {} on 1 hosts
2021-10-26 07:40:45,743 -  nornir.core -     INFO -        run() - Running task 'function_tasks' with args {} on 1 hosts
2021-10-26 07:41:10,788 -  nornir.core -     INFO -        run() - Running task 'function_tasks' with args {} on 1 hosts
2021-10-26 07:42:14,925 -  nornir.core -     INFO -        run() - Running task 'function_tasks' with args {} on 1 hosts
2021-10-26 07:42:49,838 -  nornir.core -     INFO -        run() - Running task 'function_tasks' with args {} on 1 hosts
2021-10-26 07:43:23,109 -  nornir.core -     INFO -        run() - Running task 'function_tasks' with args {} on 1 hosts
2021-10-26 07:43:50,359 - nornir.core.task -    ERROR -      start() - Host 'SW1': task 'Create a loopback interface' failed with traceback:
Traceback (most recent call last):
  File "/usr/local/lib/python3.7/dist-packages/paramiko/channel.py", line 699, in recv
    out = self.in_buffer.read(nbytes, self.timeout)
  File "/usr/local/lib/python3.7/dist-packages/paramiko/buffered_pipe.py", line 164, in read
    raise PipeTimeout()
paramiko.buffered_pipe.PipeTimeout

During handling of the above exception, another exception occurred:

Traceback (most recent call last):
  File "/usr/local/lib/python3.7/dist-packages/netmiko/base_connection.py", line 573, in _read_channel_expect
    new_data = self.remote_conn.recv(MAX_BUFFER)
  File "/usr/local/lib/python3.7/dist-packages/paramiko/channel.py", line 701, in recv
    raise socket.timeout()
socket.timeout

During handling of the above exception, another exception occurred:

Traceback (most recent call last):
  File "/usr/local/lib/python3.7/dist-packages/nornir/core/task.py", line 99, in start
    r = self.task(self, **self.params)
  File "/usr/local/lib/python3.7/dist-packages/nornir_netmiko/tasks/netmiko_send_config.py", line 38, in netmiko_send_config
    result = net_connect.send_config_set(config_commands=config_commands, **kwargs)
  File "/usr/local/lib/python3.7/dist-packages/netmiko/base_connection.py", line 1912, in send_config_set
    new_output = self.read_until_pattern(pattern=re.escape(cmd.strip()))
  File "/usr/local/lib/python3.7/dist-packages/netmiko/base_connection.py", line 655, in read_until_pattern
    return self._read_channel_expect(*args, **kwargs)
  File "/usr/local/lib/python3.7/dist-packages/netmiko/base_connection.py", line 584, in _read_channel_expect
    "Timed-out reading channel, data not available."
netmiko.ssh_exception.NetmikoTimeoutException: Timed-out reading channel, data not available.

2021-10-26 07:43:50,360 - nornir.core.task -    ERROR -      start() - Host 'SW1': task 'function_tasks' failed with traceback:
Traceback (most recent call last):
  File "/usr/local/lib/python3.7/dist-packages/nornir/core/task.py", line 99, in start
    r = self.task(self, **self.params)
  File "nornir_validate_dynamic.py", line 28, in function_tasks
    task.run(name="Create a loopback interface", task=netmiko_send_config, config_commands=cmds)
  File "/usr/local/lib/python3.7/dist-packages/nornir/core/task.py", line 174, in run
    raise NornirSubTaskError(task=run_task, result=r)
nornir.core.exceptions.NornirSubTaskError: Subtask: Create a loopback interface (failed)


2021-10-26 07:48:39,180 -  nornir.core -     INFO -        run() - Running task 'function_tasks' with args {} on 1 hosts
2021-10-26 07:48:58,420 -  nornir.core -     INFO -        run() - Running task 'function_tasks' with args {} on 1 hosts
2021-10-26 07:50:31,893 -  nornir.core -     INFO -        run() - Running task 'function_tasks' with args {} on 1 hosts
2021-10-26 07:51:08,872 -  nornir.core -     INFO -        run() - Running task 'function_tasks' with args {} on 1 hosts
2021-10-26 07:51:38,094 -  nornir.core -     INFO -        run() - Running task 'function_tasks' with args {} on 1 hosts
2021-10-26 07:52:08,599 -  nornir.core -     INFO -        run() - Running task 'function_tasks' with args {} on 1 hosts
2021-10-26 07:54:07,664 -  nornir.core -     INFO -        run() - Running task 'function_tasks' with args {} on 1 hosts
2021-10-26 07:57:39,782 -  nornir.core -     INFO -        run() - Running task 'netmiko_send_config' with args {'command_string': 'sow\x08'} on 1 hosts
2021-10-26 07:57:40,545 - nornir.core.task -    ERROR -      start() - Host 'SW1': task 'netmiko_send_config' failed with traceback:
Traceback (most recent call last):
  File "/usr/local/lib/python3.7/dist-packages/nornir/core/task.py", line 99, in start
    r = self.task(self, **self.params)
  File "/usr/local/lib/python3.7/dist-packages/nornir_netmiko/tasks/netmiko_send_config.py", line 42, in netmiko_send_config
    raise ValueError("Must specify either config_commands or config_file")
ValueError: Must specify either config_commands or config_file

2021-10-26 07:57:47,555 -  nornir.core -     INFO -        run() - Running task 'netmiko_send_config' with args {'command_string': 'show version'} on 1 hosts
2021-10-26 07:57:48,295 - nornir.core.task -    ERROR -      start() - Host 'SW1': task 'netmiko_send_config' failed with traceback:
Traceback (most recent call last):
  File "/usr/local/lib/python3.7/dist-packages/nornir/core/task.py", line 99, in start
    r = self.task(self, **self.params)
  File "/usr/local/lib/python3.7/dist-packages/nornir_netmiko/tasks/netmiko_send_config.py", line 42, in netmiko_send_config
    raise ValueError("Must specify either config_commands or config_file")
ValueError: Must specify either config_commands or config_file

2021-10-26 07:59:23,851 -  nornir.core -     INFO -        run() - Running task 'netmiko_send_command' with args {'command_string': 'show version'} on 1 hosts
2021-10-26 07:59:37,079 -  nornir.core -     INFO -        run() - Running task 'netmiko_send_command' with args {'command_string': 'show version'} on 1 hosts
2021-10-26 07:59:38,288 -  nornir.core -     INFO -        run() - Running task 'netmiko_send_command' with args {'command_string': ' show ip int br'} on 1 hosts
2021-10-26 08:00:59,120 -  nornir.core -     INFO -        run() - Running task 'netmiko_send_command' with args {'command_string': 'int gi1/0/5'} on 1 hosts
2021-10-26 08:01:00,018 -  nornir.core -     INFO -        run() - Running task 'netmiko_send_command' with args {'command_string': ' shutdown'} on 1 hosts
2021-10-26 08:01:00,889 -  nornir.core -     INFO -        run() - Running task 'netmiko_send_command' with args {'command_string': ' descrip Teting\x1b[D\x1b[D'} on 1 hosts
2021-10-26 08:01:21,514 -  nornir.core -     INFO -        run() - Running task 'netmiko_send_command' with args {'command_string': 'int gi1/0/5'} on 1 hosts
2021-10-26 08:01:22,395 -  nornir.core -     INFO -        run() - Running task 'netmiko_send_command' with args {'command_string': ' shutdown'} on 1 hosts
2021-10-26 08:03:06,394 -  nornir.core -     INFO -        run() - Running task 'netmiko_send_command' with args {'command_string': 'show version'} on 1 hosts
2021-10-26 08:03:07,420 -  nornir.core -     INFO -        run() - Running task 'netmiko_send_command' with args {'command_string': ' show ip int br'} on 1 hosts
2021-10-26 08:03:08,378 -  nornir.core -     INFO -        run() - Running task 'netmiko_send_command' with args {'command_string': ' show eh\x08'} on 1 hosts
2021-10-26 08:04:32,464 -  nornir.core -     INFO -        run() - Running task 'netmiko_send_command' with args {'command_string': 'show ip int br'} on 1 hosts
2021-10-26 08:04:33,344 -  nornir.core -     INFO -        run() - Running task 'netmiko_send_command' with args {'command_string': ' show version'} on 1 hosts
2021-10-26 08:04:34,225 -  nornir.core -     INFO -        run() - Running task 'netmiko_send_command' with args {'command_string': ' show runnun'} on 1 hosts
2021-10-26 08:04:42,669 -  nornir.core -     INFO -        run() - Running task 'netmiko_send_command' with args {'command_string': 'show tun\x08\x08'} on 1 hosts
2021-10-26 08:05:00,715 -  nornir.core -     INFO -        run() - Running task 'netmiko_send_command' with args {'command_string': 'show run'} on 1 hosts
